<?xml version="1.0" ?>
<coverage version="7.4.3" timestamp="1710337462575" lines-valid="16" lines-covered="5" line-rate="0.3125" branches-valid="6" branches-covered="0" branch-rate="0" complexity="0">
	<!-- Generated by coverage.py: https://coverage.readthedocs.io/en/7.4.3 -->
	<!-- Based on https://raw.githubusercontent.com/cobertura/web/master/htdocs/xml/coverage-04.dtd -->
	<sources>
		<source>x:\mapf_pii_project\src</source>
	</sources>
	<packages>
		<package name="." line-rate="0" branch-rate="0" complexity="0">
			<classes>
				<class name="__init__.py" filename="__init__.py" complexity="0" line-rate="1" branch-rate="1">
					<methods/>
					<lines/>
				</class>
				<class name="main.py" filename="main.py" complexity="0" line-rate="0" branch-rate="0">
					<methods/>
					<lines>
						<line number="5" hits="0"/>
						<line number="6" hits="0"/>
						<line number="9" hits="0" branch="true" condition-coverage="0% (0/2)" missing-branches="exit,10"/>
						<line number="10" hits="0"/>
					</lines>
				</class>
			</classes>
		</package>
		<package name="graph" line-rate="0.4167" branch-rate="0" complexity="0">
			<classes>
				<class name="__init__.py" filename="graph/__init__.py" complexity="0" line-rate="1" branch-rate="1">
					<methods/>
					<lines/>
				</class>
				<class name="directedgraph.py" filename="graph/directedgraph.py" complexity="0" line-rate="0.4167" branch-rate="0">
					<methods/>
					<lines>
						<line number="1" hits="1"/>
						<line number="3" hits="1"/>
						<line number="5" hits="1"/>
						<line number="6" hits="0"/>
						<line number="8" hits="1"/>
						<line number="10" hits="0" branch="true" condition-coverage="0% (0/2)" missing-branches="11,13"/>
						<line number="11" hits="0"/>
						<line number="13" hits="0"/>
						<line number="15" hits="1"/>
						<line number="16" hits="0" branch="true" condition-coverage="0% (0/2)" missing-branches="17,19"/>
						<line number="17" hits="0"/>
						<line number="19" hits="0"/>
					</lines>
				</class>
			</classes>
		</package>
	</packages>
</coverage>
